<?xml version="1.0" encoding="UTF-8"?>
<testsuite name="com.stockflow3.stock.StockApplicationTests" tests="1" skipped="0" failures="0" errors="0" timestamp="2026-04-15T13:53:09.108Z" hostname="Galaxy-On7-2016" time="0.228">
  <properties/>
  <testcase name="contextLoads()" classname="com.stockflow3.stock.StockApplicationTests" time="0.228"/>
  <system-out><![CDATA[22:53:08.026 [Test worker] INFO org.springframework.test.context.support.AnnotationConfigContextLoaderUtils -- Could not detect default configuration classes for test class [com.stockflow3.stock.StockApplicationTests]: StockApplicationTests does not declare any static, non-private, non-final, nested classes annotated with @Configuration.
22:53:08.054 [Test worker] INFO org.springframework.boot.test.context.SpringBootTestContextBootstrapper -- Found @SpringBootConfiguration com.stockflow3.stock.StockApplication for test class com.stockflow3.stock.StockApplicationTests

  .   ____          _            __ _ _
 /\\ / ___'_ __ _ _(_)_ __  __ _ \ \ \ \
( ( )\___ | '_ | '_| | '_ \/ _` | \ \ \ \
 \\/  ___)| |_)| | | | | || (_| |  ) ) ) )
  '  |____| .__|_| |_|_| |_\__, | / / / /
 =========|_|==============|___/=/_/_/_/

 :: Spring Boot ::               (v3.5.13)

2026-04-15T22:53:08.173+09:00  INFO 12906 --- [    Test worker] c.s.stock.StockApplicationTests          : Starting StockApplicationTests using Java 21.0.10 with PID 12906 (started by yeonji in /Users/yeonji/Developer/stockflow/stock)
2026-04-15T22:53:08.174+09:00  INFO 12906 --- [    Test worker] c.s.stock.StockApplicationTests          : No active profile set, falling back to 1 default profile: "default"
2026-04-15T22:53:08.435+09:00  INFO 12906 --- [    Test worker] .s.d.r.c.RepositoryConfigurationDelegate : Bootstrapping Spring Data JPA repositories in DEFAULT mode.
2026-04-15T22:53:08.442+09:00  INFO 12906 --- [    Test worker] .s.d.r.c.RepositoryConfigurationDelegate : Finished Spring Data repository scanning in 4 ms. Found 0 JPA repository interfaces.
2026-04-15T22:53:08.561+09:00  INFO 12906 --- [    Test worker] o.hibernate.jpa.internal.util.LogHelper  : HHH000204: Processing PersistenceUnitInfo [name: default]
2026-04-15T22:53:08.576+09:00  INFO 12906 --- [    Test worker] org.hibernate.Version                    : HHH000412: Hibernate ORM core version 6.6.45.Final
2026-04-15T22:53:08.585+09:00  INFO 12906 --- [    Test worker] o.h.c.internal.RegionFactoryInitiator    : HHH000026: Second-level cache disabled
2026-04-15T22:53:08.660+09:00  INFO 12906 --- [    Test worker] o.s.o.j.p.SpringPersistenceUnitInfo      : No LoadTimeWeaver setup: ignoring JPA class transformer
2026-04-15T22:53:08.668+09:00  INFO 12906 --- [    Test worker] com.zaxxer.hikari.HikariDataSource       : HikariPool-1 - Starting...
2026-04-15T22:53:08.701+09:00  INFO 12906 --- [    Test worker] com.zaxxer.hikari.pool.HikariPool        : HikariPool-1 - Added connection org.postgresql.jdbc.PgConnection@199806aa
2026-04-15T22:53:08.701+09:00  INFO 12906 --- [    Test worker] com.zaxxer.hikari.HikariDataSource       : HikariPool-1 - Start completed.
2026-04-15T22:53:08.726+09:00  INFO 12906 --- [    Test worker] org.hibernate.orm.connections.pooling    : HHH10001005: Database info:
	Database JDBC URL [Connecting through datasource 'HikariDataSource (HikariPool-1)']
	Database driver: undefined/unknown
	Database version: 18.3
	Autocommit mode: undefined/unknown
	Isolation level: undefined/unknown
	Minimum pool size: undefined/unknown
	Maximum pool size: undefined/unknown
2026-04-15T22:53:08.815+09:00  INFO 12906 --- [    Test worker] o.h.e.t.j.p.i.JtaPlatformInitiator       : HHH000489: No JTA platform available (set 'hibernate.transaction.jta.platform' to enable JTA platform integration)
2026-04-15T22:53:08.817+09:00  INFO 12906 --- [    Test worker] j.LocalContainerEntityManagerFactoryBean : Initialized JPA EntityManagerFactory for persistence unit 'default'
2026-04-15T22:53:08.854+09:00  WARN 12906 --- [    Test worker] JpaBaseConfiguration$JpaWebConfiguration : spring.jpa.open-in-view is enabled by default. Therefore, database queries may be performed during view rendering. Explicitly configure spring.jpa.open-in-view to disable this warning
2026-04-15T22:53:09.001+09:00  WARN 12906 --- [    Test worker] .s.s.UserDetailsServiceAutoConfiguration : 

Using generated security password: 300deba3-14ba-4c20-99f0-b6c24aa9e1a1

This generated password is for development use only. Your security configuration must be updated before running your application in production.

2026-04-15T22:53:09.003+09:00  INFO 12906 --- [    Test worker] r$InitializeUserDetailsManagerConfigurer : Global AuthenticationManager configured with UserDetailsService bean with name inMemoryUserDetailsManager
2026-04-15T22:53:09.031+09:00  INFO 12906 --- [    Test worker] o.s.b.a.e.web.EndpointLinksResolver      : Exposing 1 endpoint beneath base path '/actuator'
2026-04-15T22:53:09.084+09:00  INFO 12906 --- [    Test worker] c.s.stock.StockApplicationTests          : Started StockApplicationTests in 0.989 seconds (process running for 1.288)
]]></system-out>
  <system-err><![CDATA[Mockito is currently self-attaching to enable the inline-mock-maker. This will no longer work in future releases of the JDK. Please add Mockito as an agent to your build as described in Mockito's documentation: https://javadoc.io/doc/org.mockito/mockito-core/latest/org.mockito/org/mockito/Mockito.html#0.3
WARNING: A Java agent has been loaded dynamically (/Users/yeonji/.gradle/caches/modules-2/files-2.1/net.bytebuddy/byte-buddy-agent/1.17.8/f09415827a71be7ed621c7bd02550678f28bc81c/byte-buddy-agent-1.17.8.jar)
WARNING: If a serviceability tool is in use, please run with -XX:+EnableDynamicAgentLoading to hide this warning
WARNING: If a serviceability tool is not in use, please run with -Djdk.instrument.traceUsage for more information
WARNING: Dynamic loading of agents will be disallowed by default in a future release
]]></system-err>
</testsuite>
